[0.023s] Invoking command in '/home/seastar/steve_summer_seastar_ws/build/head_chef': CMAKE_PREFIX_PATH=/home/seastar/steve_summer_seastar_ws/install/seastar_interfaces:/home/seastar/steve_summer_seastar_ws/install/sunspotter:/home/seastar/steve_summer_seastar_ws/install/head_chef:/home/seastar/steve_summer_seastar_ws/install/motor_state_manager:/home/seastar/steve_summer_seastar_ws/install/motor_manager:/home/seastar/steve_summer_seastar_ws/install/bluespace_ai_xsens_mti_driver:/home/seastar/steve_summer_seastar_ws/install/test_driver:/home/seastar/steve_summer_seastar_ws/install/test_cam:/home/seastar/steve_summer_seastar_ws/install/solar_ephemeris:/home/seastar/steve_summer_seastar_ws/install/pysp:/home/seastar/steve_summer_seastar_ws/install/imufaker:/home/seastar/steve_summer_seastar_ws/install/ik_tools:/home/seastar/steve_summer_seastar_ws/install/ik_solver:/home/seastar/steve_summer_seastar_ws/install/hamburger_helper:/opt/ros/humble /home/seastar/.local/bin/cmake --build /home/seastar/steve_summer_seastar_ws/build/head_chef -- -j4 -l4
[0.153s] [ 16%] [32mBuilding CXX object CMakeFiles/head_chef.dir/src/head_chef.cpp.o[0m
[0.169s] [ 33%] [32mBuilding CXX object CMakeFiles/head_chef.dir/src/ChefScript.cpp.o[0m
[1.043s] [01m[K/home/seastar/steve_summer_seastar_ws/src/head_chef/src/ChefScript.cpp:11:1:[m[K [01;31m[Kerror: [m[KISO C++ forbids declaration of â€˜[01m[KexecNextLine[m[Kâ€™ with no type [[01;31m[K]8;;https://gcc.gnu.org/onlinedocs/gcc/Warning-Options.html#index-fpermissive-fpermissive]8;;[m[K]
[1.044s]    11 | [01;31m[KChefScript[m[K::execNextLine() {
[1.044s]       | [01;31m[K^~~~~~~~~~[m[K
[1.044s] [01m[K/home/seastar/steve_summer_seastar_ws/src/head_chef/src/ChefScript.cpp:11:1:[m[K [01;31m[Kerror: [m[Kno declaration matches â€˜[01m[Kint ChefScript::execNextLine()[m[Kâ€™
[1.044s] In file included from [01m[K/home/seastar/steve_summer_seastar_ws/src/head_chef/src/ChefScript.cpp:1[m[K:
[1.044s] [01m[K/home/seastar/steve_summer_seastar_ws/src/head_chef/src/ChefScript.h:18:14:[m[K [01;36m[Knote: [m[Kcandidate is: â€˜[01m[Kvoid ChefScript::execNextLine()[m[Kâ€™
[1.044s]    18 |         void [01;36m[KexecNextLine[m[K();
[1.044s]       |              [01;36m[K^~~~~~~~~~~~[m[K
[1.045s] [01m[K/home/seastar/steve_summer_seastar_ws/src/head_chef/src/ChefScript.h:13:7:[m[K [01;36m[Knote: [m[Kâ€˜[01m[Kclass ChefScript[m[Kâ€™ defined here
[1.045s]    13 | class [01;36m[KChefScript[m[K {
[1.045s]       |       [01;36m[K^~~~~~~~~~[m[K
[1.051s] [01m[K/home/seastar/steve_summer_seastar_ws/src/head_chef/src/ChefScript.cpp:[m[K In member function â€˜[01m[Kbool ChefScript::isValidCommand(std::string)[m[Kâ€™:
[1.051s] [01m[K/home/seastar/steve_summer_seastar_ws/src/head_chef/src/ChefScript.cpp:67:14:[m[K [01;35m[Kwarning: [m[Kunused variable â€˜[01m[KisValid[m[Kâ€™ [[01;35m[K]8;;https://gcc.gnu.org/onlinedocs/gcc/Warning-Options.html#index-Wunused-variable-Wunused-variable]8;;[m[K]
[1.051s]    67 |         bool [01;35m[KisValid[m[K = false;
[1.051s]       |              [01;35m[K^~~~~~~[m[K
[1.193s] gmake[2]: *** [CMakeFiles/head_chef.dir/build.make:132: CMakeFiles/head_chef.dir/src/ChefScript.cpp.o] Error 1
[1.193s] gmake[2]: *** Waiting for unfinished jobs....
[3.916s] [01m[K/home/seastar/steve_summer_seastar_ws/src/head_chef/src/head_chef.cpp:[m[K In function â€˜[01m[Kvoid signal_callback_handler(int)[m[Kâ€™:
[3.916s] [01m[K/home/seastar/steve_summer_seastar_ws/src/head_chef/src/head_chef.cpp:38:34:[m[K [01;35m[Kwarning: [m[Kunused parameter â€˜[01m[Ksignum[m[Kâ€™ [[01;35m[K]8;;https://gcc.gnu.org/onlinedocs/gcc/Warning-Options.html#index-Wunused-parameter-Wunused-parameter]8;;[m[K]
[3.916s]    38 | void signal_callback_handler([01;35m[Kint signum[m[K) {
[3.916s]       |                              [01;35m[K~~~~^~~~~~[m[K
[17.229s] gmake[1]: *** [CMakeFiles/Makefile2:137: CMakeFiles/head_chef.dir/all] Error 2
[17.229s] gmake: *** [Makefile:146: all] Error 2
[17.234s] Invoked command in '/home/seastar/steve_summer_seastar_ws/build/head_chef' returned '2': CMAKE_PREFIX_PATH=/home/seastar/steve_summer_seastar_ws/install/seastar_interfaces:/home/seastar/steve_summer_seastar_ws/install/sunspotter:/home/seastar/steve_summer_seastar_ws/install/head_chef:/home/seastar/steve_summer_seastar_ws/install/motor_state_manager:/home/seastar/steve_summer_seastar_ws/install/motor_manager:/home/seastar/steve_summer_seastar_ws/install/bluespace_ai_xsens_mti_driver:/home/seastar/steve_summer_seastar_ws/install/test_driver:/home/seastar/steve_summer_seastar_ws/install/test_cam:/home/seastar/steve_summer_seastar_ws/install/solar_ephemeris:/home/seastar/steve_summer_seastar_ws/install/pysp:/home/seastar/steve_summer_seastar_ws/install/imufaker:/home/seastar/steve_summer_seastar_ws/install/ik_tools:/home/seastar/steve_summer_seastar_ws/install/ik_solver:/home/seastar/steve_summer_seastar_ws/install/hamburger_helper:/opt/ros/humble /home/seastar/.local/bin/cmake --build /home/seastar/steve_summer_seastar_ws/build/head_chef -- -j4 -l4
