[0.027s] Invoking command in '/home/seastar/steve_summer_seastar_ws/build/head_chef': CMAKE_PREFIX_PATH=/home/seastar/steve_summer_seastar_ws/install/seastar_interfaces:/home/seastar/steve_summer_seastar_ws/install/sunspotter:/home/seastar/steve_summer_seastar_ws/install/head_chef:/home/seastar/steve_summer_seastar_ws/install/motor_state_manager:/home/seastar/steve_summer_seastar_ws/install/motor_manager:/home/seastar/steve_summer_seastar_ws/install/bluespace_ai_xsens_mti_driver:/home/seastar/steve_summer_seastar_ws/install/test_driver:/home/seastar/steve_summer_seastar_ws/install/test_cam:/home/seastar/steve_summer_seastar_ws/install/solar_ephemeris:/home/seastar/steve_summer_seastar_ws/install/pysp:/home/seastar/steve_summer_seastar_ws/install/imufaker:/home/seastar/steve_summer_seastar_ws/install/ik_tools:/home/seastar/steve_summer_seastar_ws/install/ik_solver:/home/seastar/steve_summer_seastar_ws/install/hamburger_helper:/opt/ros/humble /home/seastar/.local/bin/cmake --build /home/seastar/steve_summer_seastar_ws/build/head_chef -- -j4 -l4
[0.149s] [ 16%] [32mBuilding CXX object CMakeFiles/head_chef.dir/src/head_chef.cpp.o[0m
[0.184s] [ 33%] [32mBuilding CXX object CMakeFiles/head_chef.dir/src/ChefScript.cpp.o[0m
[0.184s] [ 50%] [32mBuilding CXX object CMakeFiles/head_chef.dir/src/ChefCommand.cpp.o[0m
[1.254s] [01m[K/home/seastar/steve_summer_seastar_ws/src/head_chef/src/ChefScript.cpp:[m[K In member function â€˜[01m[Kbool ChefScript::isValidCommand(std::string)[m[Kâ€™:
[1.254s] [01m[K/home/seastar/steve_summer_seastar_ws/src/head_chef/src/ChefScript.cpp:61:73:[m[K [01;31m[Kerror: [m[Kâ€˜[01m[Katod[m[Kâ€™ was not declared in this scope; did you mean â€˜[01m[Katol[m[Kâ€™?
[1.254s]    61 |                                         comms_.push_back(ChefCommand(i, [01;31m[Katod[m[K(rest)));
[1.254s]       |                                                                         [01;31m[K^~~~[m[K
[1.255s]       |                                                                         [32m[Katol[m[K
[1.255s] [01m[K/home/seastar/steve_summer_seastar_ws/src/head_chef/src/ChefScript.cpp:63:70:[m[K [01;31m[Kerror: [m[Kinvalid conversion from â€˜[01m[Kint[m[Kâ€™ to â€˜[01m[KCommand[m[Kâ€™ [[01;31m[K]8;;https://gcc.gnu.org/onlinedocs/gcc/Warning-Options.html#index-fpermissive-fpermissive]8;;[m[K]
[1.255s]    63 |                                         comms_.push_back(ChefCommand([01;31m[Ki[m[K));
[1.255s]       |                                                                      [01;31m[K^[m[K
[1.255s]       |                                                                      [01;31m[K|[m[K
[1.255s]       |                                                                      [01;31m[Kint[m[K
[1.255s] In file included from [01m[K/home/seastar/steve_summer_seastar_ws/src/head_chef/src/ChefScript.h:11[m[K,
[1.255s]                  from [01m[K/home/seastar/steve_summer_seastar_ws/src/head_chef/src/ChefScript.cpp:1[m[K:
[1.255s] [01m[K/home/seastar/steve_summer_seastar_ws/src/head_chef/src/ChefCommand.h:35:29:[m[K [01;36m[Knote: [m[K  initializing argument 1 of â€˜[01m[KChefCommand::ChefCommand(Command)[m[Kâ€™
[1.256s]    35 |         ChefCommand([01;36m[KCommand comm[m[K);
[1.256s]       |                     [01;36m[K~~~~~~~~^~~~[m[K
[1.256s] [01m[K/home/seastar/steve_summer_seastar_ws/src/head_chef/src/ChefScript.cpp:54:14:[m[K [01;35m[Kwarning: [m[Kunused variable â€˜[01m[KisValid[m[Kâ€™ [[01;35m[K]8;;https://gcc.gnu.org/onlinedocs/gcc/Warning-Options.html#index-Wunused-variable-Wunused-variable]8;;[m[K]
[1.256s]    54 |         bool [01;35m[KisValid[m[K = false;
[1.256s]       |              [01;35m[K^~~~~~~[m[K
[1.402s] gmake[2]: *** [CMakeFiles/head_chef.dir/build.make:132: CMakeFiles/head_chef.dir/src/ChefScript.cpp.o] Error 1
[1.402s] gmake[2]: *** Waiting for unfinished jobs....
[3.699s] [01m[K/home/seastar/steve_summer_seastar_ws/src/head_chef/src/head_chef.cpp:[m[K In function â€˜[01m[Kvoid signal_callback_handler(int)[m[Kâ€™:
[3.700s] [01m[K/home/seastar/steve_summer_seastar_ws/src/head_chef/src/head_chef.cpp:38:34:[m[K [01;35m[Kwarning: [m[Kunused parameter â€˜[01m[Ksignum[m[Kâ€™ [[01;35m[K]8;;https://gcc.gnu.org/onlinedocs/gcc/Warning-Options.html#index-Wunused-parameter-Wunused-parameter]8;;[m[K]
[3.700s]    38 | void signal_callback_handler([01;35m[Kint signum[m[K) {
[3.700s]       |                              [01;35m[K~~~~^~~~~~[m[K
[16.721s] gmake[1]: *** [CMakeFiles/Makefile2:137: CMakeFiles/head_chef.dir/all] Error 2
[16.721s] gmake: *** [Makefile:146: all] Error 2
[16.727s] Invoked command in '/home/seastar/steve_summer_seastar_ws/build/head_chef' returned '2': CMAKE_PREFIX_PATH=/home/seastar/steve_summer_seastar_ws/install/seastar_interfaces:/home/seastar/steve_summer_seastar_ws/install/sunspotter:/home/seastar/steve_summer_seastar_ws/install/head_chef:/home/seastar/steve_summer_seastar_ws/install/motor_state_manager:/home/seastar/steve_summer_seastar_ws/install/motor_manager:/home/seastar/steve_summer_seastar_ws/install/bluespace_ai_xsens_mti_driver:/home/seastar/steve_summer_seastar_ws/install/test_driver:/home/seastar/steve_summer_seastar_ws/install/test_cam:/home/seastar/steve_summer_seastar_ws/install/solar_ephemeris:/home/seastar/steve_summer_seastar_ws/install/pysp:/home/seastar/steve_summer_seastar_ws/install/imufaker:/home/seastar/steve_summer_seastar_ws/install/ik_tools:/home/seastar/steve_summer_seastar_ws/install/ik_solver:/home/seastar/steve_summer_seastar_ws/install/hamburger_helper:/opt/ros/humble /home/seastar/.local/bin/cmake --build /home/seastar/steve_summer_seastar_ws/build/head_chef -- -j4 -l4
