[0.032s] Invoking command in '/home/seastar/steve_summer_seastar_ws/build/motor_state_manager': CMAKE_PREFIX_PATH=${CMAKE_PREFIX_PATH}:/home/seastar/steve_summer_seastar_ws/install/test_driver:/home/seastar/steve_summer_seastar_ws/install/test_cam:/home/seastar/steve_summer_seastar_ws/install/solar_ephemeris:/home/seastar/steve_summer_seastar_ws/install/pysp:/home/seastar/steve_summer_seastar_ws/install/imufaker:/home/seastar/steve_summer_seastar_ws/install/ik_tools:/home/seastar/steve_summer_seastar_ws/install/ik_solver:/home/seastar/steve_summer_seastar_ws/install/hamburger_helper:/opt/ros/humble /home/seastar/.local/bin/cmake --build /home/seastar/steve_summer_seastar_ws/build/motor_state_manager -- -j4 -l4
[0.157s] [ 33%] [32mBuilding CXX object CMakeFiles/motor_state_manager.dir/src/motor_state_manager.cpp.o[0m
[0.163s] [01m[Kcc1plus:[m[K [01;35m[Kwarning: [m[K/usr/lib/x86_64-linux-gnu/libconfig++.so: not a directory
[5.788s] [01m[K/home/seastar/steve_summer_seastar_ws/src/motor_state_manager/src/motor_state_manager.cpp:[m[K In function â€˜[01m[Kvoid signal_callback_handler(int)[m[Kâ€™:
[5.788s] [01m[K/home/seastar/steve_summer_seastar_ws/src/motor_state_manager/src/motor_state_manager.cpp:12:34:[m[K [01;35m[Kwarning: [m[Kunused parameter â€˜[01m[Ksignum[m[Kâ€™ [[01;35m[K]8;;https://gcc.gnu.org/onlinedocs/gcc/Warning-Options.html#index-Wunused-parameter-Wunused-parameter]8;;[m[K]
[5.788s]    12 | void signal_callback_handler([01;35m[Kint signum[m[K) {
[5.788s]       |                              [01;35m[K~~~~^~~~~~[m[K
[5.888s] [01m[K/home/seastar/steve_summer_seastar_ws/src/motor_state_manager/src/motor_state_manager.cpp:[m[K In constructor â€˜[01m[KMSM::MSM()[m[Kâ€™:
[5.888s] [01m[K/home/seastar/steve_summer_seastar_ws/src/motor_state_manager/src/motor_state_manager.cpp:27:35:[m[K [01;35m[Kwarning: [m[Kcomparison of integer expressions of different signedness: â€˜[01m[Kint[m[Kâ€™ and â€˜[01m[Kstd::vector<std::__cxx11::basic_string<char> >::size_type[m[Kâ€™ {aka â€˜[01m[Klong unsigned int[m[Kâ€™} [[01;35m[K]8;;https://gcc.gnu.org/onlinedocs/gcc/Warning-Options.html#index-Wsign-compare-Wsign-compare]8;;[m[K]
[5.888s]    27 |                 for (int i = 0; [01;35m[Ki < ports.size()[m[K; ++i) {
[5.889s]       |                                 [01;35m[K~~^~~~~~~~~~~~~~[m[K
[5.921s] [01m[K/home/seastar/steve_summer_seastar_ws/src/motor_state_manager/src/motor_state_manager.cpp:[m[K In member function â€˜[01m[Kvoid MSM::comLoop()[m[Kâ€™:
[5.921s] [01m[K/home/seastar/steve_summer_seastar_ws/src/motor_state_manager/src/motor_state_manager.cpp:97:51:[m[K [01;31m[Kerror: [m[Kâ€˜[01m[KgetReponse[m[Kâ€™ was not declared in this scope; did you mean â€˜[01m[KgetResponse[m[Kâ€™?
[5.922s]    97 |                                 res = std::string([01;31m[KgetReponse[m[K(fd_));
[5.922s]       |                                                   [01;31m[K^~~~~~~~~~[m[K
[5.922s]       |                                                   [32m[KgetResponse[m[K
[5.922s] [01m[K/home/seastar/steve_summer_seastar_ws/src/motor_state_manager/src/motor_state_manager.cpp:98:45:[m[K [01;31m[Kerror: [m[Kredeclaration of â€˜[01m[Kstd::string ps[m[Kâ€™
[5.922s]    98 |                                 std::string [01;31m[Kps[m[K = split(res, "=")[1];
[5.922s]       |                                             [01;31m[K^~[m[K
[5.922s] [01m[K/home/seastar/steve_summer_seastar_ws/src/motor_state_manager/src/motor_state_manager.cpp:84:45:[m[K [01;36m[Knote: [m[Kâ€˜[01m[Kstd::string ps[m[Kâ€™ previously declared here
[5.922s]    84 |                                 std::string [01;36m[Kps[m[K = split(res, "=")[1];
[5.922s]       |                                             [01;36m[K^~[m[K
[9.964s] gmake[2]: *** [CMakeFiles/motor_state_manager.dir/build.make:76: CMakeFiles/motor_state_manager.dir/src/motor_state_manager.cpp.o] Error 1
[9.964s] gmake[1]: *** [CMakeFiles/Makefile2:137: CMakeFiles/motor_state_manager.dir/all] Error 2
[9.964s] gmake: *** [Makefile:146: all] Error 2
[9.972s] Invoked command in '/home/seastar/steve_summer_seastar_ws/build/motor_state_manager' returned '2': CMAKE_PREFIX_PATH=${CMAKE_PREFIX_PATH}:/home/seastar/steve_summer_seastar_ws/install/test_driver:/home/seastar/steve_summer_seastar_ws/install/test_cam:/home/seastar/steve_summer_seastar_ws/install/solar_ephemeris:/home/seastar/steve_summer_seastar_ws/install/pysp:/home/seastar/steve_summer_seastar_ws/install/imufaker:/home/seastar/steve_summer_seastar_ws/install/ik_tools:/home/seastar/steve_summer_seastar_ws/install/ik_solver:/home/seastar/steve_summer_seastar_ws/install/hamburger_helper:/opt/ros/humble /home/seastar/.local/bin/cmake --build /home/seastar/steve_summer_seastar_ws/build/motor_state_manager -- -j4 -l4
