-- Found ament_cmake: 1.3.5 (/opt/ros/humble/share/ament_cmake/cmake)
-- Override CMake install command with custom implementation using symlinks instead of copying resources
-- Found rclcpp: 16.0.5 (/opt/ros/humble/share/rclcpp/cmake)
-- Found rosidl_generator_c: 3.1.5 (/opt/ros/humble/share/rosidl_generator_c/cmake)
-- Found rosidl_adapter: 3.1.5 (/opt/ros/humble/share/rosidl_adapter/cmake)
-- Found rosidl_generator_cpp: 3.1.5 (/opt/ros/humble/share/rosidl_generator_cpp/cmake)
-- Using all available rosidl_typesupport_c: rosidl_typesupport_fastrtps_c;rosidl_typesupport_introspection_c
-- Using all available rosidl_typesupport_cpp: rosidl_typesupport_fastrtps_cpp;rosidl_typesupport_introspection_cpp
-- Found rmw_implementation_cmake: 6.1.1 (/opt/ros/humble/share/rmw_implementation_cmake/cmake)
-- Found rmw_fastrtps_cpp: 6.2.3 (/opt/ros/humble/share/rmw_fastrtps_cpp/cmake)
-- Using RMW implementation 'rmw_fastrtps_cpp' as default
-- Found geometry_msgs: 4.2.3 (/opt/ros/humble/share/geometry_msgs/cmake)
-- Found tf2: 0.25.3 (/opt/ros/humble/share/tf2/cmake)
-- Found tf2_ros: 0.25.3 (/opt/ros/humble/share/tf2_ros/cmake)
-- Found sensor_msgs: 4.2.3 (/opt/ros/humble/share/sensor_msgs/cmake)
-- Found tf2_geometry_msgs: 0.25.3 (/opt/ros/humble/share/tf2_geometry_msgs/cmake)
-- Found eigen3_cmake_module: 0.1.1 (/opt/ros/humble/share/eigen3_cmake_module/cmake)
-- Ensuring Eigen3 include directory is part of orocos-kdl CMake target
-- Found seastar_interfaces: 0.0.0 (/home/seastar/steve_summer_seastar_ws/install/seastar_interfaces/share/seastar_interfaces/cmake)
-- Found ament_lint_auto: 0.12.7 (/opt/ros/humble/share/ament_lint_auto/cmake)
-- Added test 'cppcheck' to perform static code analysis on C / C++ code
-- Configured cppcheck include dirs: $<BUILD_INTERFACE:/home/seastar/steve_summer_seastar_ws/src/head_chef/include>
-- Configured cppcheck exclude dirs and/or files: 
-- Added test 'lint_cmake' to check CMake code style
-- Added test 'uncrustify' to check C / C++ code style
-- Configured uncrustify additional arguments: 
-- Added test 'xmllint' to check XML markup files
-- Configuring done (2.7s)
-- Generating done (0.0s)
-- Build files have been written to: /home/seastar/steve_summer_seastar_ws/build/head_chef
[ 16%] [32mBuilding CXX object CMakeFiles/head_chef.dir/src/head_chef.cpp.o[0m
[ 33%] [32mBuilding CXX object CMakeFiles/head_chef.dir/src/sousChef.cpp.o[0m
[ 50%] [32mBuilding CXX object CMakeFiles/head_chef.dir/src/PID.cpp.o[0m
[ 66%] [32mBuilding CXX object CMakeFiles/head_chef.dir/src/ChefCommand.cpp.o[0m
In file included from [01m[K/home/seastar/steve_summer_seastar_ws/src/head_chef/src/ChefCommand.cpp:1[m[K:
[01m[K/home/seastar/steve_summer_seastar_ws/src/head_chef/src/ChefCommand.h:31:28:[m[K [01;31m[Kerror: [m[Kexpected â€˜[01m[K)[m[Kâ€™ before â€˜[01m[Kcomm[m[Kâ€™
   31 |         ChefCommand[34m[K([m[KCommand[01;31m[K [m[K[32m[Kcomm[m[K);
      |                    [34m[K~[m[K       [01;31m[K^[m[K[32m[K~~~~[m[K
      |                            [32m[K)[m[K
[01m[K/home/seastar/steve_summer_seastar_ws/src/head_chef/src/ChefCommand.h:32:28:[m[K [01;31m[Kerror: [m[Kexpected â€˜[01m[K)[m[Kâ€™ before â€˜[01m[Kcomm[m[Kâ€™
   32 |         ChefCommand[34m[K([m[KCommand[01;31m[K [m[K[32m[Kcomm[m[K, double param);
      |                    [34m[K~[m[K       [01;31m[K^[m[K[32m[K~~~~[m[K
      |                            [32m[K)[m[K
[01m[K/home/seastar/steve_summer_seastar_ws/src/head_chef/src/ChefCommand.h:34:9:[m[K [01;31m[Kerror: [m[Kâ€˜[01m[KCommand[m[Kâ€™ does not name a type; did you mean â€˜[01m[KCommands[m[Kâ€™?
   34 |         [01;31m[KCommand[m[K comm_;
      |         [01;31m[K^~~~~~~[m[K
      |         [32m[KCommands[m[K
[01m[K/home/seastar/steve_summer_seastar_ws/src/head_chef/src/ChefCommand.h:35:25:[m[K [01;31m[Kerror: [m[Kâ€˜[01m[KNULL[m[Kâ€™ was not declared in this scope
   35 |         double param_ = [01;31m[KNULL[m[K;
      |                         [01;31m[K^~~~[m[K
[01m[K/home/seastar/steve_summer_seastar_ws/src/head_chef/src/ChefCommand.h:1:1:[m[K [01;36m[Knote: [m[Kâ€˜[01m[KNULL[m[Kâ€™ is defined in header â€˜[01m[K<cstddef>[m[Kâ€™; did you forget to â€˜[01m[K#include <cstddef>[m[Kâ€™?
  +++ |+[32m[K#include <cstddef>[m[K
    1 | #ifndef CHEF_COM_H
[01m[K/home/seastar/steve_summer_seastar_ws/src/head_chef/src/ChefCommand.cpp:[m[K In constructor â€˜[01m[KChefCommand::ChefCommand()[m[Kâ€™:
[01m[K/home/seastar/steve_summer_seastar_ws/src/head_chef/src/ChefCommand.cpp:4:9:[m[K [01;31m[Kerror: [m[Kâ€˜[01m[Kcomm_[m[Kâ€™ was not declared in this scope
    4 |         [01;31m[Kcomm_[m[K = Noop;
      |         [01;31m[K^~~~~[m[K
[01m[K/home/seastar/steve_summer_seastar_ws/src/head_chef/src/ChefCommand.cpp:[m[K At global scope:
[01m[K/home/seastar/steve_summer_seastar_ws/src/head_chef/src/ChefCommand.cpp:7:25:[m[K [01;31m[Kerror: [m[Kexpected constructor, destructor, or type conversion before â€˜[01m[K([m[Kâ€™ token
    7 | ChefCommand::ChefCommand[01;31m[K([m[KCommand comm) {
      |                         [01;31m[K^[m[K
[01m[K/home/seastar/steve_summer_seastar_ws/src/head_chef/src/ChefCommand.cpp:11:25:[m[K [01;31m[Kerror: [m[Kexpected constructor, destructor, or type conversion before â€˜[01m[K([m[Kâ€™ token
   11 | ChefCommand::ChefCommand[01;31m[K([m[KCommand comm, double param) {
      |                         [01;31m[K^[m[K
gmake[2]: *** [CMakeFiles/head_chef.dir/build.make:118: CMakeFiles/head_chef.dir/src/ChefCommand.cpp.o] Error 1
gmake[2]: *** Waiting for unfinished jobs....
In file included from [01m[K/home/seastar/steve_summer_seastar_ws/src/head_chef/src/ChefScript.h:8[m[K,
                 from [01m[K/home/seastar/steve_summer_seastar_ws/src/head_chef/src/head_chef.cpp:23[m[K:
[01m[K/home/seastar/steve_summer_seastar_ws/src/head_chef/src/ChefCommand.h:31:28:[m[K [01;31m[Kerror: [m[Kexpected â€˜[01m[K)[m[Kâ€™ before â€˜[01m[Kcomm[m[Kâ€™
   31 |         ChefCommand[34m[K([m[KCommand[01;31m[K [m[K[32m[Kcomm[m[K);
      |                    [34m[K~[m[K       [01;31m[K^[m[K[32m[K~~~~[m[K
      |                            [32m[K)[m[K
[01m[K/home/seastar/steve_summer_seastar_ws/src/head_chef/src/ChefCommand.h:32:28:[m[K [01;31m[Kerror: [m[Kexpected â€˜[01m[K)[m[Kâ€™ before â€˜[01m[Kcomm[m[Kâ€™
   32 |         ChefCommand[34m[K([m[KCommand[01;31m[K [m[K[32m[Kcomm[m[K, double param);
      |                    [34m[K~[m[K       [01;31m[K^[m[K[32m[K~~~~[m[K
      |                            [32m[K)[m[K
[01m[K/home/seastar/steve_summer_seastar_ws/src/head_chef/src/ChefCommand.h:34:9:[m[K [01;31m[Kerror: [m[Kâ€˜[01m[KCommand[m[Kâ€™ does not name a type; did you mean â€˜[01m[KCommands[m[Kâ€™?
   34 |         [01;31m[KCommand[m[K comm_;
      |         [01;31m[K^~~~~~~[m[K
      |         [32m[KCommands[m[K
[01m[K/home/seastar/steve_summer_seastar_ws/src/head_chef/src/ChefCommand.h:35:25:[m[K [01;35m[Kwarning: [m[Kconverting to non-pointer type â€˜[01m[Kdouble[m[Kâ€™ from NULL [[01;35m[K]8;;https://gcc.gnu.org/onlinedocs/gcc/Warning-Options.html#index-Wconversion-null-Wconversion-null]8;;[m[K]
   35 |         double param_ = [01;35m[KNULL[m[K;
      |                         [01;35m[K^~~~[m[K
In file included from [01m[K/home/seastar/steve_summer_seastar_ws/src/head_chef/src/head_chef.cpp:23[m[K:
[01m[K/home/seastar/steve_summer_seastar_ws/src/head_chef/src/ChefScript.h:17:21:[m[K [01;31m[Kerror: [m[Kâ€˜[01m[KCommand[m[Kâ€™ was not declared in this scope; did you mean â€˜[01m[KCommands[m[Kâ€™?
   17 |         std::vector<[01;31m[KCommand[m[K> comms_;
      |                     [01;31m[K^~~~~~~[m[K
      |                     [32m[KCommands[m[K
[01m[K/home/seastar/steve_summer_seastar_ws/src/head_chef/src/ChefScript.h:17:28:[m[K [01;31m[Kerror: [m[Ktemplate argument 1 is invalid
   17 |         std::vector<Command[01;31m[K>[m[K comms_;
      |                            [01;31m[K^[m[K
[01m[K/home/seastar/steve_summer_seastar_ws/src/head_chef/src/ChefScript.h:17:28:[m[K [01;31m[Kerror: [m[Ktemplate argument 2 is invalid
[01m[K/home/seastar/steve_summer_seastar_ws/src/head_chef/src/head_chef.cpp:[m[K In function â€˜[01m[Kvoid signal_callback_handler(int)[m[Kâ€™:
[01m[K/home/seastar/steve_summer_seastar_ws/src/head_chef/src/head_chef.cpp:38:34:[m[K [01;35m[Kwarning: [m[Kunused parameter â€˜[01m[Ksignum[m[Kâ€™ [[01;35m[K]8;;https://gcc.gnu.org/onlinedocs/gcc/Warning-Options.html#index-Wunused-parameter-Wunused-parameter]8;;[m[K]
   38 | void signal_callback_handler([01;35m[Kint signum[m[K) {
      |                              [01;35m[K~~~~^~~~~~[m[K
gmake[2]: *** [CMakeFiles/head_chef.dir/build.make:76: CMakeFiles/head_chef.dir/src/head_chef.cpp.o] Error 1
gmake[1]: *** [CMakeFiles/Makefile2:137: CMakeFiles/head_chef.dir/all] Error 2
gmake: *** [Makefile:146: all] Error 2
