[0.037s] Invoking command in '/home/seastar/steve_summer_seastar_ws/build/head_chef': AMENT_PREFIX_PATH=/home/seastar/steve_summer_seastar_ws/install/seastar_interfaces:${AMENT_PREFIX_PATH} CMAKE_PREFIX_PATH=/home/seastar/steve_summer_seastar_ws/install/seastar_interfaces:/opt/ros/humble LD_LIBRARY_PATH=/home/seastar/steve_summer_seastar_ws/install/seastar_interfaces/lib:${LD_LIBRARY_PATH} PYTHONPATH=/home/seastar/steve_summer_seastar_ws/install/seastar_interfaces/local/lib/python3.10/dist-packages:${PYTHONPATH} /home/seastar/.local/bin/cmake --build /home/seastar/steve_summer_seastar_ws/build/head_chef -- -j4 -l4
[0.195s] [ 16%] [32mBuilding CXX object CMakeFiles/head_chef.dir/src/head_chef.cpp.o[0m
[0.207s] [ 33%] [32mBuilding CXX object CMakeFiles/head_chef.dir/src/sousChef.cpp.o[0m
[0.217s] [01m[Kcc1plus:[m[K [01;35m[Kwarning: [m[K/usr/lib/x86_64-linux-gnu/libconfig++.so: not a directory
[0.237s] [ 50%] [32mBuilding CXX object CMakeFiles/head_chef.dir/src/ChefScript.cpp.o[0m
[0.244s] [01m[Kcc1plus:[m[K [01;35m[Kwarning: [m[K/usr/lib/x86_64-linux-gnu/libconfig++.so: not a directory
[0.257s] [01m[Kcc1plus:[m[K [01;35m[Kwarning: [m[K/usr/lib/x86_64-linux-gnu/libconfig++.so: not a directory
[3.082s] [01m[K/home/seastar/steve_summer_seastar_ws/src/head_chef/src/sousChef.cpp:[m[K In function â€˜[01m[KVector6 getPoseErr(Mat3, Mat3)[m[Kâ€™:
[3.082s] [01m[K/home/seastar/steve_summer_seastar_ws/src/head_chef/src/sousChef.cpp:264:34:[m[K [01;31m[Kerror: [m[Kconversion from â€˜[01m[KMat3[m[Kâ€™ to non-scalar type â€˜[01m[KVector3[m[Kâ€™ requested
[3.083s]   264 |         Vector3 rot_err = [01;31m[KdotMats(transpose(cur), targ)[m[K;
[3.083s]       |                           [01;31m[K~~~~~~~^~~~~~~~~~~~~~~~~~~~~~[m[K
[3.083s] [01m[K/home/seastar/steve_summer_seastar_ws/src/head_chef/src/sousChef.cpp:265:53:[m[K [01;31m[Kerror: [m[Kcould not convert â€˜[01m[Krot_err[m[Kâ€™ from â€˜[01m[KVector3[m[Kâ€™ to â€˜[01m[KMat3[m[Kâ€™
[3.083s]   265 |         Vector3 w_err = matDotVec(cur, rot_to_omega([01;31m[Krot_err[m[K);
[3.083s]       |                                                     [01;31m[K^~~~~~~[m[K
[3.084s]       |                                                     [01;31m[K|[m[K
[3.084s]       |                                                     [01;31m[KVector3[m[K
[3.096s] [01m[K/home/seastar/steve_summer_seastar_ws/src/head_chef/src/sousChef.cpp:[m[K In function â€˜[01m[KMat3 sunMat(double, double)[m[Kâ€™:
[3.096s] [01m[K/home/seastar/steve_summer_seastar_ws/src/head_chef/src/sousChef.cpp:304:33:[m[K [01;31m[Kerror: [m[Kâ€˜[01m[Kphi[m[Kâ€™ was not declared in this scope
[3.096s]   304 |         res.m23 = sin(az) * sin([01;31m[Kphi[m[K);
[3.097s]       |                                 [01;31m[K^~~[m[K
[3.399s] [01m[K/home/seastar/steve_summer_seastar_ws/src/head_chef/src/sousChef.cpp:[m[K In function â€˜[01m[KMotorState doIk(double, double, double)[m[Kâ€™:
[3.400s] [01m[K/home/seastar/steve_summer_seastar_ws/src/head_chef/src/sousChef.cpp:400:9:[m[K [01;31m[Kerror: [m[Kexpected â€˜[01m[K,[m[Kâ€™ or â€˜[01m[K;[m[Kâ€™ before â€˜[01m[Kbool[m[Kâ€™
[3.400s]   400 |         [01;31m[Kbool[m[K didSolve = true;
[3.400s]       |         [01;31m[K^~~~[m[K
[3.409s] [01m[K/home/seastar/steve_summer_seastar_ws/src/head_chef/src/sousChef.cpp:407:25:[m[K [01;31m[Kerror: [m[Kâ€˜[01m[KdidSolve[m[Kâ€™ was not declared in this scope
[3.409s]   407 |                         [01;31m[KdidSolve[m[K = false;
[3.409s]       |                         [01;31m[K^~~~~~~~[m[K
[3.450s] [01m[K/home/seastar/steve_summer_seastar_ws/src/head_chef/src/sousChef.cpp:437:17:[m[K [01;31m[Kerror: [m[Kâ€˜[01m[Kfki[m[Kâ€™ was not declared in this scope; did you mean â€˜[01m[Kfk[m[Kâ€™?
[3.450s]   437 |                 [01;31m[Kfki[m[K = doFk(q1, q2, q3);
[3.450s]       |                 [01;31m[K^~~[m[K
[3.451s]       |                 [32m[Kfk[m[K
[3.468s] [01m[K/home/seastar/steve_summer_seastar_ws/src/head_chef/src/sousChef.cpp:442:13:[m[K [01;31m[Kerror: [m[Kâ€˜[01m[KdidSolve[m[Kâ€™ was not declared in this scope
[3.468s]   442 |         if ([01;31m[KdidSolve[m[K) {
[3.468s]       |             [01;31m[K^~~~~~~~[m[K
[3.468s] [01m[K/home/seastar/steve_summer_seastar_ws/src/head_chef/src/sousChef.cpp:394:13:[m[K [01;35m[Kwarning: [m[Kunused variable â€˜[01m[KDOF[m[Kâ€™ [[01;35m[K]8;;https://gcc.gnu.org/onlinedocs/gcc/Warning-Options.html#index-Wunused-variable-Wunused-variable]8;;[m[K]
[3.468s]   394 |         int [01;35m[KDOF[m[K = 3;
[3.469s]       |             [01;35m[K^~~[m[K
[3.469s] [01m[K/home/seastar/steve_summer_seastar_ws/src/head_chef/src/sousChef.cpp:451:1:[m[K [01;35m[Kwarning: [m[Kno return statement in function returning non-void [[01;35m[K]8;;https://gcc.gnu.org/onlinedocs/gcc/Warning-Options.html#index-Wreturn-type-Wreturn-type]8;;[m[K]
[3.469s]   451 | [01;35m[K}[m[K
[3.469s]       | [01;35m[K^[m[K
[3.469s] [01m[K/home/seastar/steve_summer_seastar_ws/src/head_chef/src/sousChef.cpp:382:49:[m[K [01;35m[Kwarning: [m[Kunused parameter â€˜[01m[Kpolar[m[Kâ€™ [[01;35m[K]8;;https://gcc.gnu.org/onlinedocs/gcc/Warning-Options.html#index-Wunused-parameter-Wunused-parameter]8;;[m[K]
[3.469s]   382 | MotorState doIk(double tAz, double tAlt, [01;35m[Kdouble polar[m[K) {
[3.470s]       |                                          [01;35m[K~~~~~~~^~~~~[m[K
[8.495s] [01m[K/home/seastar/steve_summer_seastar_ws/src/head_chef/src/ChefScript.cpp:[m[K In member function â€˜[01m[Kvoid ChefScript::execNextLine()[m[Kâ€™:
[8.495s] [01m[K/home/seastar/steve_summer_seastar_ws/src/head_chef/src/ChefScript.cpp:37:22:[m[K [01;35m[Kwarning: [m[Kcomparison of integer expressions of different signedness: â€˜[01m[Kint[m[Kâ€™ and â€˜[01m[Kstd::vector<ChefCommand>::size_type[m[Kâ€™ {aka â€˜[01m[Klong unsigned int[m[Kâ€™} [[01;35m[K]8;;https://gcc.gnu.org/onlinedocs/gcc/Warning-Options.html#index-Wsign-compare-Wsign-compare]8;;[m[K]
[8.495s]    37 |         if ([01;35m[KexecLine >= comms_.size()[m[K) {
[8.496s]       |             [01;35m[K~~~~~~~~~^~~~~~~~~~~~~~~~[m[K
[8.496s] In file included from [01m[K/opt/ros/humble/include/rclcpp/rclcpp/logging.hpp:24[m[K,
[8.496s]                  from [01m[K/opt/ros/humble/include/rclcpp/rclcpp/client.hpp:40[m[K,
[8.496s]                  from [01m[K/opt/ros/humble/include/rclcpp/rclcpp/callback_group.hpp:24[m[K,
[8.496s]                  from [01m[K/opt/ros/humble/include/rclcpp/rclcpp/any_executable.hpp:20[m[K,
[8.496s]                  from [01m[K/opt/ros/humble/include/rclcpp/rclcpp/memory_strategy.hpp:25[m[K,
[8.496s]                  from [01m[K/opt/ros/humble/include/rclcpp/rclcpp/memory_strategies.hpp:18[m[K,
[8.496s]                  from [01m[K/opt/ros/humble/include/rclcpp/rclcpp/executor_options.hpp:20[m[K,
[8.496s]                  from [01m[K/opt/ros/humble/include/rclcpp/rclcpp/executor.hpp:37[m[K,
[8.497s]                  from [01m[K/opt/ros/humble/include/rclcpp/rclcpp/executors/multi_threaded_executor.hpp:25[m[K,
[8.497s]                  from [01m[K/opt/ros/humble/include/rclcpp/rclcpp/executors.hpp:21[m[K,
[8.497s]                  from [01m[K/opt/ros/humble/include/rclcpp/rclcpp/rclcpp.hpp:155[m[K,
[8.497s]                  from [01m[K/home/seastar/steve_summer_seastar_ws/src/head_chef/src/head_chef.h:13[m[K,
[8.497s]                  from [01m[K/home/seastar/steve_summer_seastar_ws/src/head_chef/src/ChefScript.cpp:2[m[K:
[8.497s] [01m[K/home/seastar/steve_summer_seastar_ws/src/head_chef/src/ChefScript.cpp:47:41:[m[K [01;35m[Kwarning: [m[Ktoo many arguments for format [[01;35m[K]8;;https://gcc.gnu.org/onlinedocs/gcc/Warning-Options.html#index-Wformat-extra-args-Wformat-extra-args]8;;[m[K]
[8.497s]    47 |         RCLCPP_INFO(chef_->get_logger(),[01;35m[K"Running line %d"[m[K, execLine, (int) c, p);
[8.497s]       |                                         [01;35m[K^~~~~~~~~~~~~~~~~[m[K
[9.243s] [01m[K/home/seastar/steve_summer_seastar_ws/src/head_chef/src/head_chef.cpp:[m[K In function â€˜[01m[Kvoid signal_callback_handler(int)[m[Kâ€™:
[9.243s] [01m[K/home/seastar/steve_summer_seastar_ws/src/head_chef/src/head_chef.cpp:16:34:[m[K [01;35m[Kwarning: [m[Kunused parameter â€˜[01m[Ksignum[m[Kâ€™ [[01;35m[K]8;;https://gcc.gnu.org/onlinedocs/gcc/Warning-Options.html#index-Wunused-parameter-Wunused-parameter]8;;[m[K]
[9.243s]    16 | void signal_callback_handler([01;35m[Kint signum[m[K) {
[9.243s]       |                              [01;35m[K~~~~^~~~~~[m[K
[9.606s] gmake[2]: *** [CMakeFiles/head_chef.dir/build.make:90: CMakeFiles/head_chef.dir/src/sousChef.cpp.o] Error 1
[9.606s] gmake[2]: *** Waiting for unfinished jobs....
[12.245s] gmake[2]: *** [CMakeFiles/head_chef.dir/build.make:76: CMakeFiles/head_chef.dir/src/head_chef.cpp.o] Interrupt
[12.246s] gmake[1]: *** [CMakeFiles/Makefile2:137: CMakeFiles/head_chef.dir/all] Interrupt
[12.246s] gmake: *** [Makefile:146: all] Interrupt
[12.249s] Traceback (most recent call last):
[12.249s]   File "/home/seastar/.local/bin/cmake", line 8, in <module>
[12.250s]     sys.exit(cmake())
[12.251s]   File "/home/seastar/.local/lib/python3.10/site-packages/cmake/__init__.py", line 43, in cmake
[12.251s]     raise SystemExit(_program('cmake', sys.argv[1:]))
[12.251s]   File "/home/seastar/.local/lib/python3.10/site-packages/cmake/__init__.py", line 39, in _program
[12.251s]     return subprocess.call([os.path.join(CMAKE_BIN_DIR, name)] + args, close_fds=False)
[12.251s]   File "/usr/lib/python3.10/subprocess.py", line 347, in call
[12.252s]     return p.wait(timeout=timeout)
[12.252s]   File "/usr/lib/python3.10/subprocess.py", line 1209, in wait
[12.252s]     return self._wait(timeout=timeout)
[12.252s]   File "/usr/lib/python3.10/subprocess.py", line 1959, in _wait
[12.252s]     (pid, sts) = self._try_wait(0)
[12.252s]   File "/usr/lib/python3.10/subprocess.py", line 1917, in _try_wait
[12.252s]     (pid, sts) = os.waitpid(self.pid, wait_flags)
[12.253s] KeyboardInterrupt
[12.304s] Invoked command in '/home/seastar/steve_summer_seastar_ws/build/head_chef' returned '-2': AMENT_PREFIX_PATH=/home/seastar/steve_summer_seastar_ws/install/seastar_interfaces:${AMENT_PREFIX_PATH} CMAKE_PREFIX_PATH=/home/seastar/steve_summer_seastar_ws/install/seastar_interfaces:/opt/ros/humble LD_LIBRARY_PATH=/home/seastar/steve_summer_seastar_ws/install/seastar_interfaces/lib:${LD_LIBRARY_PATH} PYTHONPATH=/home/seastar/steve_summer_seastar_ws/install/seastar_interfaces/local/lib/python3.10/dist-packages:${PYTHONPATH} /home/seastar/.local/bin/cmake --build /home/seastar/steve_summer_seastar_ws/build/head_chef -- -j4 -l4
