[01m[K/home/seastar/steve_summer_seastar_ws/src/head_chef/src/ChefScript.cpp:[m[K In member function â€˜[01m[Kvoid ChefScript::execNextLine()[m[Kâ€™:
[01m[K/home/seastar/steve_summer_seastar_ws/src/head_chef/src/ChefScript.cpp:35:22:[m[K [01;35m[Kwarning: [m[Kcomparison of integer expressions of different signedness: â€˜[01m[Kint[m[Kâ€™ and â€˜[01m[Kstd::vector<ChefCommand>::size_type[m[Kâ€™ {aka â€˜[01m[Klong unsigned int[m[Kâ€™} [[01;35m[K]8;;https://gcc.gnu.org/onlinedocs/gcc/Warning-Options.html#index-Wsign-compare-Wsign-compare]8;;[m[K]
   35 |         if ([01;35m[KexecLine >= comms_.size()[m[K) {
      |             [01;35m[K~~~~~~~~~^~~~~~~~~~~~~~~~[m[K
[01m[K/home/seastar/steve_summer_seastar_ws/src/head_chef/src/ChefScript.cpp:51:30:[m[K [01;31m[Kerror: [m[Kinvalid use of incomplete type â€˜[01m[Kclass HeadChef[m[Kâ€™
   51 |                         chef_[01;31m[K->[m[KhomeAll();
      |                              [01;31m[K^~[m[K
In file included from [01m[K/home/seastar/steve_summer_seastar_ws/src/head_chef/src/ChefScript.cpp:1[m[K:
[01m[K/home/seastar/steve_summer_seastar_ws/src/head_chef/src/ChefScript.h:13:7:[m[K [01;36m[Knote: [m[Kforward declaration of â€˜[01m[Kclass HeadChef[m[Kâ€™
   13 | class [01;36m[KHeadChef[m[K;
      |       [01;36m[K^~~~~~~~[m[K
gmake[2]: *** [CMakeFiles/head_chef.dir/build.make:132: CMakeFiles/head_chef.dir/src/ChefScript.cpp.o] Error 1
gmake[2]: *** Waiting for unfinished jobs....
In file included from [01m[K/home/seastar/steve_summer_seastar_ws/src/head_chef/src/head_chef.cpp:2[m[K:
[01m[K/home/seastar/steve_summer_seastar_ws/src/head_chef/src/head_chef.h:127:9:[m[K [01;31m[Kerror: [m[Kâ€˜[01m[KChefScript[m[Kâ€™ does not name a type
  127 |         [01;31m[KChefScript[m[K cs; //Reads and executes recipe
      |         [01;31m[K^~~~~~~~~~[m[K
[01m[K/home/seastar/steve_summer_seastar_ws/src/head_chef/src/head_chef.cpp:[m[K In function â€˜[01m[Kvoid signal_callback_handler(int)[m[Kâ€™:
[01m[K/home/seastar/steve_summer_seastar_ws/src/head_chef/src/head_chef.cpp:17:34:[m[K [01;35m[Kwarning: [m[Kunused parameter â€˜[01m[Ksignum[m[Kâ€™ [[01;35m[K]8;;https://gcc.gnu.org/onlinedocs/gcc/Warning-Options.html#index-Wunused-parameter-Wunused-parameter]8;;[m[K]
   17 | void signal_callback_handler([01;35m[Kint signum[m[K) {
      |                              [01;35m[K~~~~^~~~~~[m[K
[01m[K/home/seastar/steve_summer_seastar_ws/src/head_chef/src/head_chef.cpp:[m[K In constructor â€˜[01m[KHeadChef::HeadChef()[m[Kâ€™:
[01m[K/home/seastar/steve_summer_seastar_ws/src/head_chef/src/head_chef.cpp:46:9:[m[K [01;31m[Kerror: [m[Kâ€˜[01m[Kcs[m[Kâ€™ was not declared in this scope; did you mean â€˜[01m[Kcos[m[Kâ€™?
   46 |         [01;31m[Kcs[m[K = ChefScript("/recipes/testScript.rcp");
      |         [01;31m[K^~[m[K
      |         [32m[Kcos[m[K
[01m[K/home/seastar/steve_summer_seastar_ws/src/head_chef/src/head_chef.cpp:[m[K In member function â€˜[01m[Kvoid HeadChef::cook()[m[Kâ€™:
[01m[K/home/seastar/steve_summer_seastar_ws/src/head_chef/src/head_chef.cpp:219:17:[m[K [01;31m[Kerror: [m[Kâ€˜[01m[Kcs[m[Kâ€™ was not declared in this scope; did you mean â€˜[01m[Kcos[m[Kâ€™?
  219 |                 [01;31m[Kcs[m[K.execNextLine();
      |                 [01;31m[K^~[m[K
      |                 [32m[Kcos[m[K
gmake[2]: *** [CMakeFiles/head_chef.dir/build.make:76: CMakeFiles/head_chef.dir/src/head_chef.cpp.o] Error 1
gmake[1]: *** [CMakeFiles/Makefile2:137: CMakeFiles/head_chef.dir/all] Error 2
gmake: *** [Makefile:146: all] Error 2
