In file included from [01m[K/home/seastar/steve_summer_seastar_ws/src/head_chef/src/ChefCommand.cpp:1[m[K:
[01m[K/home/seastar/steve_summer_seastar_ws/src/head_chef/src/ChefCommand.h:31:28:[m[K [01;31m[Kerror: [m[Kexpected â€˜[01m[K)[m[Kâ€™ before â€˜[01m[Kcomm[m[Kâ€™
   31 |         ChefCommand[34m[K([m[KCommand[01;31m[K [m[K[32m[Kcomm[m[K);
      |                    [34m[K~[m[K       [01;31m[K^[m[K[32m[K~~~~[m[K
      |                            [32m[K)[m[K
[01m[K/home/seastar/steve_summer_seastar_ws/src/head_chef/src/ChefCommand.h:32:28:[m[K [01;31m[Kerror: [m[Kexpected â€˜[01m[K)[m[Kâ€™ before â€˜[01m[Kcomm[m[Kâ€™
   32 |         ChefCommand[34m[K([m[KCommand[01;31m[K [m[K[32m[Kcomm[m[K, double param);
      |                    [34m[K~[m[K       [01;31m[K^[m[K[32m[K~~~~[m[K
      |                            [32m[K)[m[K
[01m[K/home/seastar/steve_summer_seastar_ws/src/head_chef/src/ChefCommand.h:34:9:[m[K [01;31m[Kerror: [m[Kâ€˜[01m[KCommand[m[Kâ€™ does not name a type; did you mean â€˜[01m[KCommands[m[Kâ€™?
   34 |         [01;31m[KCommand[m[K comm_;
      |         [01;31m[K^~~~~~~[m[K
      |         [32m[KCommands[m[K
[01m[K/home/seastar/steve_summer_seastar_ws/src/head_chef/src/ChefCommand.h:35:25:[m[K [01;31m[Kerror: [m[Kâ€˜[01m[KNULL[m[Kâ€™ was not declared in this scope
   35 |         double param_ = [01;31m[KNULL[m[K;
      |                         [01;31m[K^~~~[m[K
[01m[K/home/seastar/steve_summer_seastar_ws/src/head_chef/src/ChefCommand.h:1:1:[m[K [01;36m[Knote: [m[Kâ€˜[01m[KNULL[m[Kâ€™ is defined in header â€˜[01m[K<cstddef>[m[Kâ€™; did you forget to â€˜[01m[K#include <cstddef>[m[Kâ€™?
  +++ |+[32m[K#include <cstddef>[m[K
    1 | #ifndef CHEF_COM_H
[01m[K/home/seastar/steve_summer_seastar_ws/src/head_chef/src/ChefCommand.cpp:[m[K In constructor â€˜[01m[KChefCommand::ChefCommand()[m[Kâ€™:
[01m[K/home/seastar/steve_summer_seastar_ws/src/head_chef/src/ChefCommand.cpp:4:9:[m[K [01;31m[Kerror: [m[Kâ€˜[01m[Kcomm_[m[Kâ€™ was not declared in this scope
    4 |         [01;31m[Kcomm_[m[K = Noop;
      |         [01;31m[K^~~~~[m[K
[01m[K/home/seastar/steve_summer_seastar_ws/src/head_chef/src/ChefCommand.cpp:[m[K At global scope:
[01m[K/home/seastar/steve_summer_seastar_ws/src/head_chef/src/ChefCommand.cpp:7:25:[m[K [01;31m[Kerror: [m[Kexpected constructor, destructor, or type conversion before â€˜[01m[K([m[Kâ€™ token
    7 | ChefCommand::ChefCommand[01;31m[K([m[KCommand comm) {
      |                         [01;31m[K^[m[K
[01m[K/home/seastar/steve_summer_seastar_ws/src/head_chef/src/ChefCommand.cpp:11:25:[m[K [01;31m[Kerror: [m[Kexpected constructor, destructor, or type conversion before â€˜[01m[K([m[Kâ€™ token
   11 | ChefCommand::ChefCommand[01;31m[K([m[KCommand comm, double param) {
      |                         [01;31m[K^[m[K
gmake[2]: *** [CMakeFiles/head_chef.dir/build.make:118: CMakeFiles/head_chef.dir/src/ChefCommand.cpp.o] Error 1
gmake[2]: *** Waiting for unfinished jobs....
In file included from [01m[K/home/seastar/steve_summer_seastar_ws/src/head_chef/src/ChefScript.h:8[m[K,
                 from [01m[K/home/seastar/steve_summer_seastar_ws/src/head_chef/src/ChefScript.cpp:1[m[K:
[01m[K/home/seastar/steve_summer_seastar_ws/src/head_chef/src/ChefCommand.h:31:28:[m[K [01;31m[Kerror: [m[Kexpected â€˜[01m[K)[m[Kâ€™ before â€˜[01m[Kcomm[m[Kâ€™
   31 |         ChefCommand[34m[K([m[KCommand[01;31m[K [m[K[32m[Kcomm[m[K);
      |                    [34m[K~[m[K       [01;31m[K^[m[K[32m[K~~~~[m[K
      |                            [32m[K)[m[K
[01m[K/home/seastar/steve_summer_seastar_ws/src/head_chef/src/ChefCommand.h:32:28:[m[K [01;31m[Kerror: [m[Kexpected â€˜[01m[K)[m[Kâ€™ before â€˜[01m[Kcomm[m[Kâ€™
   32 |         ChefCommand[34m[K([m[KCommand[01;31m[K [m[K[32m[Kcomm[m[K, double param);
      |                    [34m[K~[m[K       [01;31m[K^[m[K[32m[K~~~~[m[K
      |                            [32m[K)[m[K
[01m[K/home/seastar/steve_summer_seastar_ws/src/head_chef/src/ChefCommand.h:34:9:[m[K [01;31m[Kerror: [m[Kâ€˜[01m[KCommand[m[Kâ€™ does not name a type; did you mean â€˜[01m[KCommands[m[Kâ€™?
   34 |         [01;31m[KCommand[m[K comm_;
      |         [01;31m[K^~~~~~~[m[K
      |         [32m[KCommands[m[K
[01m[K/home/seastar/steve_summer_seastar_ws/src/head_chef/src/ChefCommand.h:35:25:[m[K [01;35m[Kwarning: [m[Kconverting to non-pointer type â€˜[01m[Kdouble[m[Kâ€™ from NULL [[01;35m[K]8;;https://gcc.gnu.org/onlinedocs/gcc/Warning-Options.html#index-Wconversion-null-Wconversion-null]8;;[m[K]
   35 |         double param_ = [01;35m[KNULL[m[K;
      |                         [01;35m[K^~~~[m[K
gmake[2]: *** [CMakeFiles/head_chef.dir/build.make:132: CMakeFiles/head_chef.dir/src/ChefScript.cpp.o] Error 1
In file included from [01m[K/home/seastar/steve_summer_seastar_ws/src/head_chef/src/ChefScript.h:8[m[K,
                 from [01m[K/home/seastar/steve_summer_seastar_ws/src/head_chef/src/head_chef.cpp:23[m[K:
[01m[K/home/seastar/steve_summer_seastar_ws/src/head_chef/src/ChefCommand.h:31:28:[m[K [01;31m[Kerror: [m[Kexpected â€˜[01m[K)[m[Kâ€™ before â€˜[01m[Kcomm[m[Kâ€™
   31 |         ChefCommand[34m[K([m[KCommand[01;31m[K [m[K[32m[Kcomm[m[K);
      |                    [34m[K~[m[K       [01;31m[K^[m[K[32m[K~~~~[m[K
      |                            [32m[K)[m[K
[01m[K/home/seastar/steve_summer_seastar_ws/src/head_chef/src/ChefCommand.h:32:28:[m[K [01;31m[Kerror: [m[Kexpected â€˜[01m[K)[m[Kâ€™ before â€˜[01m[Kcomm[m[Kâ€™
   32 |         ChefCommand[34m[K([m[KCommand[01;31m[K [m[K[32m[Kcomm[m[K, double param);
      |                    [34m[K~[m[K       [01;31m[K^[m[K[32m[K~~~~[m[K
      |                            [32m[K)[m[K
[01m[K/home/seastar/steve_summer_seastar_ws/src/head_chef/src/ChefCommand.h:34:9:[m[K [01;31m[Kerror: [m[Kâ€˜[01m[KCommand[m[Kâ€™ does not name a type; did you mean â€˜[01m[KCommands[m[Kâ€™?
   34 |         [01;31m[KCommand[m[K comm_;
      |         [01;31m[K^~~~~~~[m[K
      |         [32m[KCommands[m[K
[01m[K/home/seastar/steve_summer_seastar_ws/src/head_chef/src/ChefCommand.h:35:25:[m[K [01;35m[Kwarning: [m[Kconverting to non-pointer type â€˜[01m[Kdouble[m[Kâ€™ from NULL [[01;35m[K]8;;https://gcc.gnu.org/onlinedocs/gcc/Warning-Options.html#index-Wconversion-null-Wconversion-null]8;;[m[K]
   35 |         double param_ = [01;35m[KNULL[m[K;
      |                         [01;35m[K^~~~[m[K
[01m[K/home/seastar/steve_summer_seastar_ws/src/head_chef/src/head_chef.cpp:[m[K In function â€˜[01m[Kvoid signal_callback_handler(int)[m[Kâ€™:
[01m[K/home/seastar/steve_summer_seastar_ws/src/head_chef/src/head_chef.cpp:38:34:[m[K [01;35m[Kwarning: [m[Kunused parameter â€˜[01m[Ksignum[m[Kâ€™ [[01;35m[K]8;;https://gcc.gnu.org/onlinedocs/gcc/Warning-Options.html#index-Wunused-parameter-Wunused-parameter]8;;[m[K]
   38 | void signal_callback_handler([01;35m[Kint signum[m[K) {
      |                              [01;35m[K~~~~^~~~~~[m[K
gmake[2]: *** [CMakeFiles/head_chef.dir/build.make:76: CMakeFiles/head_chef.dir/src/head_chef.cpp.o] Error 1
gmake[1]: *** [CMakeFiles/Makefile2:137: CMakeFiles/head_chef.dir/all] Error 2
gmake: *** [Makefile:146: all] Error 2
